# JRE version: Java(TM) SE Runtime Environment (8.0_65-b17) (build 1.8.0_65-b17)
# Java VM: Java HotSpot(TM) 64-Bit Server VM (25.65-b01 mixed mode bsd-amd64 compressed oops)
Heap:
 PSYoungGen      total 76288K, used 51778K [0x000000076ab00000, 0x0000000773100000, 0x00000007c0000000)
  eden space 65536K, 69% used [0x000000076ab00000,0x000000076d72e318,0x000000076eb00000)
  from space 10752K, 60% used [0x000000076eb00000,0x000000076f162830,0x000000076f580000)
  to   space 10752K, 0% used [0x0000000772680000,0x0000000772680000,0x0000000773100000)
 ParOldGen       total 82432K, used 4648K [0x00000006c0000000, 0x00000006c5080000, 0x000000076ab00000)
  object space 82432K, 5% used [0x00000006c0000000,0x00000006c048a288,0x00000006c5080000)
 Metaspace       used 28155K, capacity 28604K, committed 29056K, reserved 1075200K
  class space    used 3796K, capacity 3907K, committed 3968K, reserved 1048576K
GC Heap History (8 events):
Event: 5.992 GC heap before
{Heap before GC invocations=1 (full 0):
 PSYoungGen      total 76288K, used 65536K [0x000000076ab00000, 0x0000000770000000, 0x00000007c0000000)
  eden space 65536K, 100% used [0x000000076ab00000,0x000000076eb00000,0x000000076eb00000)
  from space 10752K, 0% used [0x000000076f580000,0x000000076f580000,0x0000000770000000)
  to   space 10752K, 0% used [0x000000076eb00000,0x000000076eb00000,0x000000076f580000)
 ParOldGen       total 175104K, used 0K [0x00000006c0000000, 0x00000006cab00000, 0x000000076ab00000)
  object space 175104K, 0% used [0x00000006c0000000,0x00000006c0000000,0x00000006cab00000)
 Metaspace       used 20032K, capacity 20354K, committed 20608K, reserved 1067008K
  class space    used 2801K, capacity 2898K, committed 2944K, reserved 1048576K
Event: 5.999 GC heap after
Heap after GC invocations=1 (full 0):
 PSYoungGen      total 76288K, used 7290K [0x000000076ab00000, 0x0000000770000000, 0x00000007c0000000)
  eden space 65536K, 0% used [0x000000076ab00000,0x000000076ab00000,0x000000076eb00000)
  from space 10752K, 67% used [0x000000076eb00000,0x000000076f21eb88,0x000000076f580000)
  to   space 10752K, 0% used [0x000000076f580000,0x000000076f580000,0x0000000770000000)
 ParOldGen       total 175104K, used 16K [0x00000006c0000000, 0x00000006cab00000, 0x000000076ab00000)
  object space 175104K, 0% used [0x00000006c0000000,0x00000006c0004000,0x00000006cab00000)
 Metaspace       used 20032K, capacity 20354K, committed 20608K, reserved 1067008K
  class space    used 2801K, capacity 2898K, committed 2944K, reserved 1048576K
}
Event: 6.129 GC heap before
{Heap before GC invocations=2 (full 0):
 PSYoungGen      total 76288K, used 15737K [0x000000076ab00000, 0x0000000770000000, 0x00000007c0000000)
  eden space 65536K, 12% used [0x000000076ab00000,0x000000076b33fbc0,0x000000076eb00000)
  from space 10752K, 67% used [0x000000076eb00000,0x000000076f21eb88,0x000000076f580000)
  to   space 10752K, 0% used [0x000000076f580000,0x000000076f580000,0x0000000770000000)
 ParOldGen       total 175104K, used 16K [0x00000006c0000000, 0x00000006cab00000, 0x000000076ab00000)
  object space 175104K, 0% used [0x00000006c0000000,0x00000006c0004000,0x00000006cab00000)
 Metaspace       used 20813K, capacity 21122K, committed 21248K, reserved 1067008K
  class space    used 2909K, capacity 3026K, committed 3072K, reserved 1048576K
Event: 6.134 GC heap after
Heap after GC invocations=2 (full 0):
 PSYoungGen      total 76288K, used 4774K [0x000000076ab00000, 0x0000000774000000, 0x00000007c0000000)
  eden space 65536K, 0% used [0x000000076ab00000,0x000000076ab00000,0x000000076eb00000)
  from space 10752K, 44% used [0x000000076f580000,0x000000076fa29b88,0x0000000770000000)
  to   space 10752K, 0% used [0x000000076eb00000,0x000000076eb00000,0x000000076f580000)
 ParOldGen       total 175104K, used 24K [0x00000006c0000000, 0x00000006cab00000, 0x000000076ab00000)
  object space 175104K, 0% used [0x00000006c0000000,0x00000006c0006000,0x00000006cab00000)
 Metaspace       used 20813K, capacity 21122K, committed 21248K, reserved 1067008K
  class space    used 2909K, capacity 3026K, committed 3072K, reserved 1048576K
}
Event: 6.134 GC heap before
{Heap before GC invocations=3 (full 1):
 PSYoungGen      total 76288K, used 4774K [0x000000076ab00000, 0x0000000774000000, 0x00000007c0000000)
  eden space 65536K, 0% used [0x000000076ab00000,0x000000076ab00000,0x000000076eb00000)
  from space 10752K, 44% used [0x000000076f580000,0x000000076fa29b88,0x0000000770000000)
  to   space 10752K, 0% used [0x000000076eb00000,0x000000076eb00000,0x000000076f580000)
 ParOldGen       total 175104K, used 24K [0x00000006c0000000, 0x00000006cab00000, 0x000000076ab00000)
  object space 175104K, 0% used [0x00000006c0000000,0x00000006c0006000,0x00000006cab00000)
 Metaspace       used 20813K, capacity 21122K, committed 21248K, reserved 1067008K
  class space    used 2909K, capacity 3026K, committed 3072K, reserved 1048576K
Event: 6.158 GC heap after
Heap after GC invocations=3 (full 1):
 PSYoungGen      total 76288K, used 0K [0x000000076ab00000, 0x0000000774000000, 0x00000007c0000000)
  eden space 65536K, 0% used [0x000000076ab00000,0x000000076ab00000,0x000000076eb00000)
  from space 10752K, 0% used [0x000000076f580000,0x000000076f580000,0x0000000770000000)
  to   space 10752K, 0% used [0x000000076eb00000,0x000000076eb00000,0x000000076f580000)
 ParOldGen       total 82432K, used 4621K [0x00000006c0000000, 0x00000006c5080000, 0x000000076ab00000)
  object space 82432K, 5% used [0x00000006c0000000,0x00000006c0483638,0x00000006c5080000)
 Metaspace       used 20813K, capacity 21122K, committed 21248K, reserved 1067008K
  class space    used 2909K, capacity 3026K, committed 3072K, reserved 1048576K
}
Event: 71.015 GC heap before
{Heap before GC invocations=4 (full 1):
 PSYoungGen      total 76288K, used 65536K [0x000000076ab00000, 0x0000000774000000, 0x00000007c0000000)
  eden space 65536K, 100% used [0x000000076ab00000,0x000000076eb00000,0x000000076eb00000)
  from space 10752K, 0% used [0x000000076f580000,0x000000076f580000,0x0000000770000000)
  to   space 10752K, 0% used [0x000000076eb00000,0x000000076eb00000,0x000000076f580000)
 ParOldGen       total 82432K, used 4621K [0x00000006c0000000, 0x00000006c5080000, 0x000000076ab00000)
  object space 82432K, 5% used [0x00000006c0000000,0x00000006c0483638,0x00000006c5080000)
 Metaspace       used 26880K, capacity 27256K, committed 27648K, reserved 1073152K
  class space    used 3652K, capacity 3757K, committed 3840K, reserved 1048576K
Event: 71.022 GC heap after
Heap after GC invocations=4 (full 1):
 PSYoungGen      total 76288K, used 6538K [0x000000076ab00000, 0x0000000773100000, 0x00000007c0000000)
  eden space 65536K, 0% used [0x000000076ab00000,0x000000076ab00000,0x000000076eb00000)
  from space 10752K, 60% used [0x000000076eb00000,0x000000076f162830,0x000000076f580000)
  to   space 10752K, 0% used [0x0000000772680000,0x0000000772680000,0x0000000773100000)
 ParOldGen       total 82432K, used 4648K [0x00000006c0000000, 0x00000006c5080000, 0x000000076ab00000)
  object space 82432K, 5% used [0x00000006c0000000,0x00000006c048a288,0x00000006c5080000)
 Metaspace       used 26880K, capacity 27256K, committed 27648K, reserved 1073152K
  class space    used 3652K, capacity 3757K, committed 3840K, reserved 1048576K
}

